<?xml version="1.0" encoding="UTF-8"?>
<!-- Generated by org.testng.reporters.JUnitReportReporter -->
<testsuite hostname="WKWIN4062571" failures="0" tests="2" name="practice.TestBasics" time="6.869" errors="0" timestamp="2024-08-11T21:58:54 IST" skipped="0">
  <testcase classname="practice.TestBasics" name="addPlaceAPI" time="3.271"/>
  <testcase classname="practice.TestBasics" name="updatePlaceAPI" time="3.598"/>
</testsuite> <!-- practice.TestBasics -->
