<?xml version="1.0" encoding="UTF-8"?>
<!-- Generated by org.testng.reporters.JUnitReportReporter -->
<testsuite hostname="WKWIN4062571" failures="0" tests="2" name="testCases.PlaceTests" time="6.543" errors="0" timestamp="2024-08-11T22:51:38 IST" skipped="0">
  <testcase classname="testCases.PlaceTests" name="addPlaceAPI" time="3.231"/>
  <testcase classname="testCases.PlaceTests" name="updatePlaceAPI" time="3.312"/>
</testsuite> <!-- testCases.PlaceTests -->
