<?xml version="1.0" encoding="UTF-8"?>
<!-- Generated by org.testng.reporters.JUnitReportReporter -->
<testsuite hostname="WKWIN4062571" failures="0" tests="2" name="testCases.TestBasics" time="7.565" errors="0" timestamp="2024-08-11T22:29:14 IST" skipped="0">
  <testcase classname="testCases.TestBasics" name="addPlaceAPI" time="3.378"/>
  <testcase classname="testCases.TestBasics" name="updatePlaceAPI" time="4.187"/>
</testsuite> <!-- testCases.TestBasics -->
