<?xml version="1.0" encoding="UTF-8"?>
<!-- Generated by org.testng.reporters.JUnitReportReporter -->
<testsuite hostname="WKWIN4062571" failures="0" tests="1" name="testCases.PlaceAPITests" time="2.836" errors="0" timestamp="2024-08-12T14:48:16 IST" skipped="0">
  <testcase classname="testCases.PlaceAPITests" name="addPlaceAPI" time="2.836"/>
</testsuite> <!-- testCases.PlaceAPITests -->
