<?xml version="1.0" encoding="UTF-8"?>
<!-- Generated by org.testng.reporters.JUnitReportReporter -->
<testsuite hostname="WKWIN4062571" failures="0" tests="1" name="testCases.CoursePriceTests" time="1.041" errors="0" timestamp="2024-08-12T10:21:38 IST" skipped="0">
  <testcase classname="testCases.CoursePriceTests" name="mockResponseTesting" time="1.041"/>
</testsuite> <!-- testCases.CoursePriceTests -->
